0 info it worked if it ends with ok
1 verbose cli [ 'node', '/usr/local/bin/npm', 'version', 'patch' ]
2 info using npm@2.1.17
3 info using node@v0.10.35
4 verbose node symlink /usr/local/bin/node
5 info git [ 'status', '--porcelain' ]
6 verbose stack Error: Git working directory not clean.
6 verbose stack A  .npmrc
6 verbose stack A  node_modules/once/LICENSE
6 verbose stack A  node_modules/once/README.md
6 verbose stack A  node_modules/once/once.js
6 verbose stack A  node_modules/once/package.json
6 verbose stack A  node_modules/once/test/once.js
6 verbose stack A  npm-debug.log
6 verbose stack M  package.json
6 verbose stack A  test.js
6 verbose stack     at /usr/local/lib/node_modules/npm/lib/version.js:142:37
6 verbose stack     at ChildProcess.exithandler (child_process.js:656:7)
6 verbose stack     at ChildProcess.emit (events.js:98:17)
6 verbose stack     at maybeClose (child_process.js:766:16)
6 verbose stack     at Socket.<anonymous> (child_process.js:979:11)
6 verbose stack     at Socket.emit (events.js:95:17)
6 verbose stack     at Pipe.close (net.js:466:12)
7 verbose cwd /Users/eabraham/Documents/NodejsTutorials/how-to-npm
8 error Darwin 13.4.0
9 error argv "node" "/usr/local/bin/npm" "version" "patch"
10 error node v0.10.35
11 error npm  v2.1.17
12 error Git working directory not clean.
12 error A  .npmrc
12 error A  node_modules/once/LICENSE
12 error A  node_modules/once/README.md
12 error A  node_modules/once/once.js
12 error A  node_modules/once/package.json
12 error A  node_modules/once/test/once.js
12 error A  npm-debug.log
12 error M  package.json
12 error A  test.js
13 error If you need help, you may report this error at:
13 error     <http://github.com/npm/npm/issues>
14 verbose exit [ 1, true ]
